<?xml version="1.0" encoding="UTF-8"?>
<testng-results ignored="0" total="1" passed="1" failed="0" skipped="0">
  <reporter-output>
  </reporter-output>
  <suite started-at="2020-08-05T21:49:38 BDT" name="Bongo Test" finished-at="2020-08-05T21:50:14 BDT" duration-ms="35835">
    <groups>
    </groups>
    <test started-at="2020-08-05T21:49:38 BDT" name="Bongo Test" finished-at="2020-08-05T21:50:14 BDT" duration-ms="35835">
      <class name="com.bongo.automation.test.bongoTest">
        <test-method signature="runSite()[pri:0, instance:com.bongo.automation.test.bongoTest@123f1134]" started-at="2020-08-05T21:49:38 BDT" name="runSite" finished-at="2020-08-05T21:50:14 BDT" duration-ms="35750" status="PASS">
          <reporter-output>
          </reporter-output>
        </test-method> <!-- runSite -->
      </class> <!-- com.bongo.automation.test.bongoTest -->
    </test> <!-- Bongo Test -->
  </suite> <!-- Bongo Test -->
</testng-results>
